<?xml version="1.0" encoding="UTF-8"?>
<!-- Generated by org.testng.reporters.JUnitReportReporter -->
<testsuite skipped="0" hostname="LAPTOP-RUFSNHIJ" name="org.testng.com.Suite1" tests="3" failures="0" timestamp="16 Nov 2022 08:12:06 GMT" time="0.007" errors="0">
  <testcase name="tc3" time="0.003" classname="org.testng.com.Suite1"/>
  <testcase name="tc1" time="0.002" classname="org.testng.com.Suite1"/>
  <testcase name="tc2" time="0.002" classname="org.testng.com.Suite1"/>
</testsuite> <!-- org.testng.com.Suite1 -->
