<?xml version="1.0" encoding="UTF-8"?>
<!-- Generated by org.testng.reporters.JUnitReportReporter -->
<testsuite skipped="0" hostname="LAPTOP-RUFSNHIJ" name="org.testng.Test1" tests="1" failures="0" timestamp="15 Nov 2022 14:01:34 GMT" time="0.010" errors="0">
  <testcase name="m1" time="0.010" classname="org.testng.Test1"/>
</testsuite> <!-- org.testng.Test1 -->
