<?xml version="1.0" encoding="UTF-8"?>
<!-- Generated by org.testng.reporters.JUnitReportReporter -->
<testsuite skipped="0" hostname="LAPTOP-RUFSNHIJ" name="org.testng.Test2" tests="1" failures="0" timestamp="15 Nov 2022 09:11:41 GMT" time="0.007" errors="0">
  <testcase name="m1" time="0.007" classname="org.testng.Test2"/>
</testsuite> <!-- org.testng.Test2 -->
