<?xml version="1.0" encoding="UTF-8"?>
<!-- Generated by org.testng.reporters.JUnitReportReporter -->
<testsuite skipped="0" hostname="LAPTOP-RUFSNHIJ" name="org.testng.com.Suite2" tests="3" failures="0" timestamp="16 Nov 2022 08:12:06 GMT" time="0.019" errors="0">
  <testcase name="tc300" time="0.003" classname="org.testng.com.Suite2"/>
  <testcase name="tc100" time="0.013" classname="org.testng.com.Suite2"/>
  <testcase name="tc200" time="0.003" classname="org.testng.com.Suite2"/>
</testsuite> <!-- org.testng.com.Suite2 -->
